[2025/09/14 17:28:07]: §9          __             _       
[2025/09/14 17:28:07]: §9  _ __   / /  ___   __ _(_)_ __  
[2025/09/14 17:28:07]: §9 | '_ \ / /  / _ \ / _` | | '_ \ 
[2025/09/14 17:28:07]: §9 | | | / /__| (_) | (_| | | | | |
[2025/09/14 17:28:07]: §9 |_| |_\____/\___/ \__, |_|_| |_|
[2025/09/14 17:28:07]: §9                  |___/            
[2025/09/14 17:28:07]: §9 By: www.nickuc.com - V 10.4.23 DEVELOPMENT
[2025/09/14 17:28:07]: §9 
[2025/09/14 17:28:09]: §3[nLogin] [DEBUG] All settings were loaded in 1483 ms.
[2025/09/14 17:28:09]: §3[nLogin] [DEBUG] Loading the messages_en.yml message file...
[2025/09/14 17:28:09]: §3[nLogin] [DEBUG] All plugin messages were loaded in 76 ms (languageByClient=false).
[2025/09/14 17:28:09]: §3[nLogin] [DEBUG] All proxy settings were loaded in 2 ms.
[2025/09/14 17:28:09]: §3[nLogin] [DEBUG] Loading database...
[2025/09/14 17:28:10]: §3[nLogin] [DEBUG] Starting logger filter...
[2025/09/14 17:28:20]: 
[2025/09/14 17:28:20]:  §bThank you so much for choosing nLogin! §4<3
[2025/09/14 17:28:20]: 
[2025/09/14 17:28:20]:  §4For your safety, please read the message below:
[2025/09/14 17:28:20]:   §cNever download nLogin from unknown sources.
[2025/09/14 17:28:20]:   §cA modified version may contain malicious software.
[2025/09/14 17:28:20]: 
[2025/09/14 17:28:20]:  §3Trusted sources:
[2025/09/14 17:28:20]:   §bwww.nickuc.com
[2025/09/14 17:28:20]:   §bwww.github.com/nickuc
[2025/09/14 17:28:20]:   §bOpeNLogin installer (from Spigot or GitHub)
[2025/09/14 17:28:20]: 
[2025/09/14 17:28:20]:  §3Official support channels:
[2025/09/14 17:28:20]:   §bDiscord group: §fwww.nickuc.com/discord
[2025/09/14 17:28:20]:   §bDocumentation: §fdocs.nickuc.com/nlogin/
[2025/09/14 17:28:20]:   §bEmail: §fsupport@nickuc.com
[2025/09/14 17:28:20]:   §bYouTube: §fyoutube.com/nickuc
[2025/09/14 17:28:20]: 
[2025/09/14 17:28:20]:  §eTo remove this warning, log in with "nlogin.admin" permission on the server
[2025/09/14 17:28:20]:  §eand click the "Setup plugin" button to configure your plugin.
[2025/09/14 17:28:20]: 
[2025/09/14 17:30:12]: [nLogin] The user SmileDev has successfully logged in.
[2025/09/14 17:30:46]: §3[nLogin] [DEBUG] [SQLite] [UPDATE]: "UPDATE `nlogin` SET `last_name` = 'SmileDev', `unique_id` = b6a0a34039a3383e9040132a79745be3,  `mojang_id` = null,  `bedrock_id` = null,  `password` = '$2a$10$uZonuqSovQgTK3SIURayQepklN0DgcJsiT.ELvc63rwjs7M8wKp2u', `last_ip` = '127.0.0.1', `creation_date` = 2025-09-14 16:25:25.365, `last_seen` = 2025-09-14 17:30:46.86, `email` = null, `discord` = null, `settings` = null WHERE `ai` = 1" (applied to [last_ip, last_seen, settings] columns)
