[2025/09/14 16:23:59]: §9          __             _       
[2025/09/14 16:23:59]: §9  _ __   / /  ___   __ _(_)_ __  
[2025/09/14 16:23:59]: §9 | '_ \ / /  / _ \ / _` | | '_ \ 
[2025/09/14 16:23:59]: §9 | | | / /__| (_) | (_| | | | | |
[2025/09/14 16:23:59]: §9 |_| |_\____/\___/ \__, |_|_| |_|
[2025/09/14 16:23:59]: §9                  |___/            
[2025/09/14 16:23:59]: §9 By: www.nickuc.com - V 10.4.23 DEVELOPMENT
[2025/09/14 16:23:59]: §9 
[2025/09/14 16:24:00]: §3[nLogin] [DEBUG] All settings were loaded in 122 ms.
[2025/09/14 16:24:00]: §3[nLogin] [DEBUG] Loading the messages_en.yml message file...
[2025/09/14 16:24:00]: §3[nLogin] [DEBUG] All plugin messages were loaded in 66 ms (languageByClient=false).
[2025/09/14 16:24:00]: §3[nLogin] [DEBUG] All proxy settings were loaded in 1 ms.
[2025/09/14 16:24:00]: §3[nLogin] [DEBUG] Loading database...
[2025/09/14 16:24:00]: §3[nLogin] [DEBUG] Starting logger filter...
[2025/09/14 16:24:08]: 
[2025/09/14 16:24:08]:  §bThank you so much for choosing nLogin! §4<3
[2025/09/14 16:24:08]: 
[2025/09/14 16:24:08]:  §4For your safety, please read the message below:
[2025/09/14 16:24:08]:   §cNever download nLogin from unknown sources.
[2025/09/14 16:24:08]:   §cA modified version may contain malicious software.
[2025/09/14 16:24:08]: 
[2025/09/14 16:24:08]:  §3Trusted sources:
[2025/09/14 16:24:08]:   §bwww.nickuc.com
[2025/09/14 16:24:08]:   §bwww.github.com/nickuc
[2025/09/14 16:24:08]:   §bOpeNLogin installer (from Spigot or GitHub)
[2025/09/14 16:24:08]: 
[2025/09/14 16:24:08]:  §3Official support channels:
[2025/09/14 16:24:08]:   §bDiscord group: §fwww.nickuc.com/discord
[2025/09/14 16:24:08]:   §bDocumentation: §fdocs.nickuc.com/nlogin/
[2025/09/14 16:24:08]:   §bEmail: §fsupport@nickuc.com
[2025/09/14 16:24:08]:   §bYouTube: §fyoutube.com/nickuc
[2025/09/14 16:24:08]: 
[2025/09/14 16:24:08]:  §eTo remove this warning, log in with "nlogin.admin" permission on the server
[2025/09/14 16:24:08]:  §eand click the "Setup plugin" button to configure your plugin.
[2025/09/14 16:24:08]: 
[2025/09/14 16:25:25]: §3[nLogin] [DEBUG] [SQLite] [UPDATE]: "INSERT INTO `nlogin` (`last_name`, `unique_id`, `mojang_id`, `bedrock_id`, `password`, `last_ip`, `creation_date`, `last_seen`, `email`, `discord`, `settings`) VALUES ('SmileDev', b6a0a34039a3383e9040132a79745be3, null, null, '$2a$10$uZonuqSovQgTK3SIURayQepklN0DgcJsiT.ELvc63rwjs7M8wKp2u', '127.0.0.1', '2025-09-14 16:25:25.365', '2025-09-14 16:25:25.365', null, null, '{"settings":[{"value":true,"key":"force-invalid-session"}],"version":0}')" (applied to all columns)
[2025/09/14 16:25:25]: [nLogin] The user SmileDev has successfully registered.
[2025/09/14 16:31:33]: [nLogin] Successful plugin core shutdown (took 0.00s)
