[2025/09/14 17:25:08]: §9          __             _       
[2025/09/14 17:25:08]: §9  _ __   / /  ___   __ _(_)_ __  
[2025/09/14 17:25:08]: §9 | '_ \ / /  / _ \ / _` | | '_ \ 
[2025/09/14 17:25:08]: §9 | | | / /__| (_) | (_| | | | | |
[2025/09/14 17:25:08]: §9 |_| |_\____/\___/ \__, |_|_| |_|
[2025/09/14 17:25:08]: §9                  |___/            
[2025/09/14 17:25:08]: §9 By: www.nickuc.com - V 10.4.23 DEVELOPMENT
[2025/09/14 17:25:08]: §9 
[2025/09/14 17:25:08]: §3[nLogin] [DEBUG] All settings were loaded in 194 ms.
[2025/09/14 17:25:08]: §3[nLogin] [DEBUG] Loading the messages_en.yml message file...
[2025/09/14 17:25:08]: §3[nLogin] [DEBUG] All plugin messages were loaded in 91 ms (languageByClient=false).
[2025/09/14 17:25:08]: §3[nLogin] [DEBUG] All proxy settings were loaded in 1 ms.
[2025/09/14 17:25:08]: §3[nLogin] [DEBUG] Loading database...
[2025/09/14 17:25:10]: §3[nLogin] [DEBUG] Starting logger filter...
[2025/09/14 17:25:21]: 
[2025/09/14 17:25:21]:  §bThank you so much for choosing nLogin! §4<3
[2025/09/14 17:25:21]: 
[2025/09/14 17:25:21]:  §4For your safety, please read the message below:
[2025/09/14 17:25:21]:   §cNever download nLogin from unknown sources.
[2025/09/14 17:25:21]:   §cA modified version may contain malicious software.
[2025/09/14 17:25:21]: 
[2025/09/14 17:25:21]:  §3Trusted sources:
[2025/09/14 17:25:21]:   §bwww.nickuc.com
[2025/09/14 17:25:21]:   §bwww.github.com/nickuc
[2025/09/14 17:25:21]:   §bOpeNLogin installer (from Spigot or GitHub)
[2025/09/14 17:25:21]: 
[2025/09/14 17:25:21]:  §3Official support channels:
[2025/09/14 17:25:21]:   §bDiscord group: §fwww.nickuc.com/discord
[2025/09/14 17:25:21]:   §bDocumentation: §fdocs.nickuc.com/nlogin/
[2025/09/14 17:25:21]:   §bEmail: §fsupport@nickuc.com
[2025/09/14 17:25:21]:   §bYouTube: §fyoutube.com/nickuc
[2025/09/14 17:25:21]: 
[2025/09/14 17:25:21]:  §eTo remove this warning, log in with "nlogin.admin" permission on the server
[2025/09/14 17:25:21]:  §eand click the "Setup plugin" button to configure your plugin.
[2025/09/14 17:25:21]: 
[2025/09/14 17:25:39]: [nLogin] Successful plugin core shutdown (took 0.00s)
